<?xml version="1.0" encoding="UTF-8"?>
<testsuite xmlns:xsi="http://www.w3.org/2001/XMLSchema-instance" xsi:noNamespaceSchemaLocation="https://maven.apache.org/surefire/maven-surefire-plugin/xsd/surefire-test-report-3.0.xsd" version="3.0" name="runner.Runner" time="56.95" tests="5" errors="0" skipped="0" failures="0">
  <properties>
    <property name="sun.desktop" value="windows"/>
    <property name="awt.toolkit" value="sun.awt.windows.WToolkit"/>
    <property name="java.specification.version" value="11"/>
    <property name="sun.cpu.isalist" value="amd64"/>
    <property name="sun.jnu.encoding" value="Cp1252"/>
    <property name="java.class.path" value="C:\workspace\qa-test\target\test-classes;C:\workspace\qa-test\target\classes;C:\Users\namachad\.m2\repository\junit\junit\4.13.2\junit-4.13.2.jar;C:\Users\namachad\.m2\repository\org\hamcrest\hamcrest-core\1.3\hamcrest-core-1.3.jar;C:\Users\namachad\.m2\repository\org\json\json\20220924\json-20220924.jar;C:\Users\namachad\.m2\repository\io\cucumber\cucumber-java\7.11.0\cucumber-java-7.11.0.jar;C:\Users\namachad\.m2\repository\io\cucumber\cucumber-core\7.11.0\cucumber-core-7.11.0.jar;C:\Users\namachad\.m2\repository\io\cucumber\cucumber-gherkin\7.11.0\cucumber-gherkin-7.11.0.jar;C:\Users\namachad\.m2\repository\io\cucumber\cucumber-gherkin-messages\7.11.0\cucumber-gherkin-messages-7.11.0.jar;C:\Users\namachad\.m2\repository\io\cucumber\gherkin\26.0.3\gherkin-26.0.3.jar;C:\Users\namachad\.m2\repository\io\cucumber\messages\21.0.1\messages-21.0.1.jar;C:\Users\namachad\.m2\repository\io\cucumber\tag-expressions\5.0.1\tag-expressions-5.0.1.jar;C:\Users\namachad\.m2\repository\io\cucumber\cucumber-expressions\16.1.1\cucumber-expressions-16.1.1.jar;C:\Users\namachad\.m2\repository\io\cucumber\datatable\7.11.0\datatable-7.11.0.jar;C:\Users\namachad\.m2\repository\io\cucumber\cucumber-plugin\7.11.0\cucumber-plugin-7.11.0.jar;C:\Users\namachad\.m2\repository\io\cucumber\docstring\7.11.0\docstring-7.11.0.jar;C:\Users\namachad\.m2\repository\io\cucumber\html-formatter\20.2.1\html-formatter-20.2.1.jar;C:\Users\namachad\.m2\repository\io\cucumber\junit-xml-formatter\0.1.0\junit-xml-formatter-0.1.0.jar;C:\Users\namachad\.m2\repository\io\cucumber\ci-environment\9.1.0\ci-environment-9.1.0.jar;C:\Users\namachad\.m2\repository\org\apiguardian\apiguardian-api\1.1.2\apiguardian-api-1.1.2.jar;C:\Users\namachad\.m2\repository\com\microfocus\adm\almoctane\bdd\octane-cucumber-jvm\1.0.0\octane-cucumber-jvm-1.0.0.jar;C:\Users\namachad\.m2\repository\org\seleniumhq\selenium\selenium-java\4.7.2\selenium-java-4.7.2.jar;C:\Users\namachad\.m2\repository\org\seleniumhq\selenium\selenium-api\4.7.2\selenium-api-4.7.2.jar;C:\Users\namachad\.m2\repository\org\seleniumhq\selenium\selenium-chrome-driver\4.7.2\selenium-chrome-driver-4.7.2.jar;C:\Users\namachad\.m2\repository\com\google\auto\service\auto-service-annotations\1.0.1\auto-service-annotations-1.0.1.jar;C:\Users\namachad\.m2\repository\com\google\auto\service\auto-service\1.0.1\auto-service-1.0.1.jar;C:\Users\namachad\.m2\repository\com\google\auto\auto-common\1.2\auto-common-1.2.jar;C:\Users\namachad\.m2\repository\com\google\guava\guava\31.1-jre\guava-31.1-jre.jar;C:\Users\namachad\.m2\repository\com\google\guava\failureaccess\1.0.1\failureaccess-1.0.1.jar;C:\Users\namachad\.m2\repository\com\google\guava\listenablefuture\9999.0-empty-to-avoid-conflict-with-guava\listenablefuture-9999.0-empty-to-avoid-conflict-with-guava.jar;C:\Users\namachad\.m2\repository\com\google\code\findbugs\jsr305\3.0.2\jsr305-3.0.2.jar;C:\Users\namachad\.m2\repository\org\checkerframework\checker-qual\3.12.0\checker-qual-3.12.0.jar;C:\Users\namachad\.m2\repository\com\google\errorprone\error_prone_annotations\2.11.0\error_prone_annotations-2.11.0.jar;C:\Users\namachad\.m2\repository\com\google\j2objc\j2objc-annotations\1.3\j2objc-annotations-1.3.jar;C:\Users\namachad\.m2\repository\org\seleniumhq\selenium\selenium-chromium-driver\4.7.2\selenium-chromium-driver-4.7.2.jar;C:\Users\namachad\.m2\repository\org\seleniumhq\selenium\selenium-json\4.7.2\selenium-json-4.7.2.jar;C:\Users\namachad\.m2\repository\org\seleniumhq\selenium\selenium-devtools-v106\4.7.2\selenium-devtools-v106-4.7.2.jar;C:\Users\namachad\.m2\repository\org\seleniumhq\selenium\selenium-devtools-v107\4.7.2\selenium-devtools-v107-4.7.2.jar;C:\Users\namachad\.m2\repository\org\seleniumhq\selenium\selenium-devtools-v108\4.7.2\selenium-devtools-v108-4.7.2.jar;C:\Users\namachad\.m2\repository\org\seleniumhq\selenium\selenium-devtools-v85\4.7.2\selenium-devtools-v85-4.7.2.jar;C:\Users\namachad\.m2\repository\org\seleniumhq\selenium\selenium-edge-driver\4.7.2\selenium-edge-driver-4.7.2.jar;C:\Users\namachad\.m2\repository\org\seleniumhq\selenium\selenium-firefox-driver\4.7.2\selenium-firefox-driver-4.7.2.jar;C:\Users\namachad\.m2\repository\org\seleniumhq\selenium\selenium-http\4.7.2\selenium-http-4.7.2.jar;C:\Users\namachad\.m2\repository\dev\failsafe\failsafe\3.3.0\failsafe-3.3.0.jar;C:\Users\namachad\.m2\repository\org\seleniumhq\selenium\selenium-ie-driver\4.7.2\selenium-ie-driver-4.7.2.jar;C:\Users\namachad\.m2\repository\org\seleniumhq\selenium\selenium-remote-driver\4.7.2\selenium-remote-driver-4.7.2.jar;C:\Users\namachad\.m2\repository\com\beust\jcommander\1.82\jcommander-1.82.jar;C:\Users\namachad\.m2\repository\io\netty\netty-buffer\4.1.84.Final\netty-buffer-4.1.84.Final.jar;C:\Users\namachad\.m2\repository\io\netty\netty-codec-http\4.1.84.Final\netty-codec-http-4.1.84.Final.jar;C:\Users\namachad\.m2\repository\io\netty\netty-codec\4.1.84.Final\netty-codec-4.1.84.Final.jar;C:\Users\namachad\.m2\repository\io\netty\netty-handler\4.1.84.Final\netty-handler-4.1.84.Final.jar;C:\Users\namachad\.m2\repository\io\netty\netty-common\4.1.84.Final\netty-common-4.1.84.Final.jar;C:\Users\namachad\.m2\repository\io\netty\netty-transport-classes-epoll\4.1.84.Final\netty-transport-classes-epoll-4.1.84.Final.jar;C:\Users\namachad\.m2\repository\io\netty\netty-transport-classes-kqueue\4.1.84.Final\netty-transport-classes-kqueue-4.1.84.Final.jar;C:\Users\namachad\.m2\repository\io\netty\netty-transport-native-epoll\4.1.84.Final\netty-transport-native-epoll-4.1.84.Final.jar;C:\Users\namachad\.m2\repository\io\netty\netty-transport-native-kqueue\4.1.84.Final\netty-transport-native-kqueue-4.1.84.Final.jar;C:\Users\namachad\.m2\repository\io\netty\netty-transport-native-unix-common\4.1.84.Final\netty-transport-native-unix-common-4.1.84.Final.jar;C:\Users\namachad\.m2\repository\io\netty\netty-transport\4.1.84.Final\netty-transport-4.1.84.Final.jar;C:\Users\namachad\.m2\repository\io\netty\netty-resolver\4.1.84.Final\netty-resolver-4.1.84.Final.jar;C:\Users\namachad\.m2\repository\io\opentelemetry\opentelemetry-api\1.19.0\opentelemetry-api-1.19.0.jar;C:\Users\namachad\.m2\repository\io\opentelemetry\opentelemetry-context\1.19.0\opentelemetry-context-1.19.0.jar;C:\Users\namachad\.m2\repository\io\opentelemetry\opentelemetry-exporter-logging\1.19.0\opentelemetry-exporter-logging-1.19.0.jar;C:\Users\namachad\.m2\repository\io\opentelemetry\opentelemetry-sdk-metrics\1.19.0\opentelemetry-sdk-metrics-1.19.0.jar;C:\Users\namachad\.m2\repository\io\opentelemetry\opentelemetry-sdk-logs\1.19.0-alpha\opentelemetry-sdk-logs-1.19.0-alpha.jar;C:\Users\namachad\.m2\repository\io\opentelemetry\opentelemetry-api-logs\1.19.0-alpha\opentelemetry-api-logs-1.19.0-alpha.jar;C:\Users\namachad\.m2\repository\io\opentelemetry\opentelemetry-sdk-common\1.19.0\opentelemetry-sdk-common-1.19.0.jar;C:\Users\namachad\.m2\repository\io\opentelemetry\opentelemetry-sdk-extension-autoconfigure-spi\1.19.0\opentelemetry-sdk-extension-autoconfigure-spi-1.19.0.jar;C:\Users\namachad\.m2\repository\io\opentelemetry\opentelemetry-sdk-extension-autoconfigure\1.19.0-alpha\opentelemetry-sdk-extension-autoconfigure-1.19.0-alpha.jar;C:\Users\namachad\.m2\repository\io\opentelemetry\opentelemetry-exporter-common\1.19.0\opentelemetry-exporter-common-1.19.0.jar;C:\Users\namachad\.m2\repository\io\opentelemetry\opentelemetry-sdk-trace\1.19.0\opentelemetry-sdk-trace-1.19.0.jar;C:\Users\namachad\.m2\repository\io\opentelemetry\opentelemetry-sdk\1.19.0\opentelemetry-sdk-1.19.0.jar;C:\Users\namachad\.m2\repository\io\opentelemetry\opentelemetry-semconv\1.19.0-alpha\opentelemetry-semconv-1.19.0-alpha.jar;C:\Users\namachad\.m2\repository\io\ous\jtoml\2.0.0\jtoml-2.0.0.jar;C:\Users\namachad\.m2\repository\net\bytebuddy\byte-buddy\1.12.18\byte-buddy-1.12.18.jar;C:\Users\namachad\.m2\repository\org\apache\commons\commons-exec\1.3\commons-exec-1.3.jar;C:\Users\namachad\.m2\repository\org\asynchttpclient\async-http-client\2.12.3\async-http-client-2.12.3.jar;C:\Users\namachad\.m2\repository\org\asynchttpclient\async-http-client-netty-utils\2.12.3\async-http-client-netty-utils-2.12.3.jar;C:\Users\namachad\.m2\repository\io\netty\netty-codec-socks\4.1.60.Final\netty-codec-socks-4.1.60.Final.jar;C:\Users\namachad\.m2\repository\io\netty\netty-handler-proxy\4.1.60.Final\netty-handler-proxy-4.1.60.Final.jar;C:\Users\namachad\.m2\repository\io\netty\netty-transport-native-epoll\4.1.60.Final\netty-transport-native-epoll-4.1.60.Final-linux-x86_64.jar;C:\Users\namachad\.m2\repository\io\netty\netty-transport-native-kqueue\4.1.60.Final\netty-transport-native-kqueue-4.1.60.Final-osx-x86_64.jar;C:\Users\namachad\.m2\repository\org\reactivestreams\reactive-streams\1.0.3\reactive-streams-1.0.3.jar;C:\Users\namachad\.m2\repository\com\typesafe\netty\netty-reactive-streams\2.0.4\netty-reactive-streams-2.0.4.jar;C:\Users\namachad\.m2\repository\org\slf4j\slf4j-api\1.7.30\slf4j-api-1.7.30.jar;C:\Users\namachad\.m2\repository\com\sun\activation\jakarta.activation\1.2.2\jakarta.activation-1.2.2.jar;C:\Users\namachad\.m2\repository\org\seleniumhq\selenium\selenium-manager\4.7.2\selenium-manager-4.7.2.jar;C:\Users\namachad\.m2\repository\org\seleniumhq\selenium\selenium-safari-driver\4.7.2\selenium-safari-driver-4.7.2.jar;C:\Users\namachad\.m2\repository\org\seleniumhq\selenium\selenium-support\4.7.2\selenium-support-4.7.2.jar;C:\Users\namachad\.m2\repository\io\cucumber\cucumber-junit\7.11.0\cucumber-junit-7.11.0.jar;C:\Users\namachad\.m2\repository\org\apache\commons\commons-lang3\3.10\commons-lang3-3.10.jar;C:\Users\namachad\.m2\repository\commons-logging\commons-logging\1.2\commons-logging-1.2.jar;C:\Users\namachad\.m2\repository\joda-time\joda-time\2.2\joda-time-2.2.jar;C:\Users\namachad\.m2\repository\com\github\mifmif\generex\1.0.2\generex-1.0.2.jar;C:\Users\namachad\.m2\repository\dk\brics\automaton\automaton\1.11-8\automaton-1.11-8.jar;C:\Users\namachad\.m2\repository\io\rest-assured\rest-assured\4.3.2\rest-assured-4.3.2.jar;C:\Users\namachad\.m2\repository\org\codehaus\groovy\groovy\3.0.6\groovy-3.0.6.jar;C:\Users\namachad\.m2\repository\org\codehaus\groovy\groovy-xml\3.0.6\groovy-xml-3.0.6.jar;C:\Users\namachad\.m2\repository\org\apache\httpcomponents\httpclient\4.5.3\httpclient-4.5.3.jar;C:\Users\namachad\.m2\repository\org\apache\httpcomponents\httpcore\4.4.6\httpcore-4.4.6.jar;C:\Users\namachad\.m2\repository\org\apache\httpcomponents\httpmime\4.5.3\httpmime-4.5.3.jar;C:\Users\namachad\.m2\repository\org\hamcrest\hamcrest\2.1\hamcrest-2.1.jar;C:\Users\namachad\.m2\repository\org\ccil\cowan\tagsoup\tagsoup\1.2.1\tagsoup-1.2.1.jar;C:\Users\namachad\.m2\repository\io\rest-assured\json-path\4.3.2\json-path-4.3.2.jar;C:\Users\namachad\.m2\repository\org\codehaus\groovy\groovy-json\3.0.6\groovy-json-3.0.6.jar;C:\Users\namachad\.m2\repository\io\rest-assured\rest-assured-common\4.3.2\rest-assured-common-4.3.2.jar;C:\Users\namachad\.m2\repository\io\rest-assured\xml-path\4.3.2\xml-path-4.3.2.jar;C:\Users\namachad\.m2\repository\jakarta\xml\bind\jakarta.xml.bind-api\2.3.3\jakarta.xml.bind-api-2.3.3.jar;C:\Users\namachad\.m2\repository\jakarta\activation\jakarta.activation-api\1.2.2\jakarta.activation-api-1.2.2.jar;C:\Users\namachad\.m2\repository\com\sun\xml\bind\jaxb-impl\2.3.3\jaxb-impl-2.3.3.jar;C:\Users\namachad\.m2\repository\io\jsonwebtoken\jjwt\0.9.1\jjwt-0.9.1.jar;C:\Users\namachad\.m2\repository\com\fasterxml\jackson\core\jackson-databind\2.9.6\jackson-databind-2.9.6.jar;C:\Users\namachad\.m2\repository\com\fasterxml\jackson\core\jackson-annotations\2.9.0\jackson-annotations-2.9.0.jar;C:\Users\namachad\.m2\repository\com\fasterxml\jackson\core\jackson-core\2.9.6\jackson-core-2.9.6.jar;C:\Users\namachad\.m2\repository\org\yaml\snakeyaml\1.29\snakeyaml-1.29.jar;C:\Users\namachad\.m2\repository\org\apache\poi\poi\5.2.3\poi-5.2.3.jar;C:\Users\namachad\.m2\repository\commons-codec\commons-codec\1.15\commons-codec-1.15.jar;C:\Users\namachad\.m2\repository\org\apache\commons\commons-collections4\4.4\commons-collections4-4.4.jar;C:\Users\namachad\.m2\repository\org\apache\commons\commons-math3\3.6.1\commons-math3-3.6.1.jar;C:\Users\namachad\.m2\repository\commons-io\commons-io\2.11.0\commons-io-2.11.0.jar;C:\Users\namachad\.m2\repository\com\zaxxer\SparseBitSet\1.2\SparseBitSet-1.2.jar;C:\Users\namachad\.m2\repository\org\apache\poi\poi-ooxml\5.2.3\poi-ooxml-5.2.3.jar;C:\Users\namachad\.m2\repository\org\apache\poi\poi-ooxml-lite\5.2.3\poi-ooxml-lite-5.2.3.jar;C:\Users\namachad\.m2\repository\org\apache\xmlbeans\xmlbeans\5.1.1\xmlbeans-5.1.1.jar;C:\Users\namachad\.m2\repository\org\apache\commons\commons-compress\1.21\commons-compress-1.21.jar;C:\Users\namachad\.m2\repository\com\github\virtuald\curvesapi\1.07\curvesapi-1.07.jar;C:\Users\namachad\.m2\repository\org\apache\pdfbox\pdfbox\2.0.26\pdfbox-2.0.26.jar;C:\Users\namachad\.m2\repository\org\apache\pdfbox\fontbox\2.0.26\fontbox-2.0.26.jar;C:\Users\namachad\.m2\repository\org\jruby\maven\cucumber-maven-plugin\3.0.3\cucumber-maven-plugin-3.0.3.jar;C:\Users\namachad\.m2\repository\org\jruby\maven\test-base-plugin\3.0.3\test-base-plugin-3.0.3.jar;C:\Users\namachad\.m2\repository\org\jruby\maven\gem-maven-plugin\3.0.3\gem-maven-plugin-3.0.3.jar;C:\Users\namachad\.m2\repository\org\jruby\maven\jruby-maven-plugin\3.0.3\jruby-maven-plugin-3.0.3.jar;C:\Users\namachad\.m2\repository\org\jruby\maven\ruby-tools\3.0.3\ruby-tools-3.0.3.jar;C:\Users\namachad\.m2\repository\org\apache\ant\ant\1.10.11\ant-1.10.11.jar;C:\Users\namachad\.m2\repository\org\apache\ant\ant-launcher\1.10.11\ant-launcher-1.10.11.jar;C:\Users\namachad\.m2\repository\org\codehaus\plexus\plexus-archiver\4.8.0\plexus-archiver-4.8.0.jar;C:\Users\namachad\.m2\repository\javax\inject\javax.inject\1\javax.inject-1.jar;C:\Users\namachad\.m2\repository\org\codehaus\plexus\plexus-io\3.4.1\plexus-io-3.4.1.jar;C:\Users\namachad\.m2\repository\org\iq80\snappy\snappy\0.4\snappy-0.4.jar;C:\Users\namachad\.m2\repository\org\tukaani\xz\1.9\xz-1.9.jar;C:\Users\namachad\.m2\repository\com\github\luben\zstd-jni\1.5.5-5\zstd-jni-1.5.5-5.jar;C:\Users\namachad\.m2\repository\org\sonatype\plexus\plexus-build-api\0.0.7\plexus-build-api-0.0.7.jar;C:\Users\namachad\.m2\repository\org\apache\maven\maven-plugin-api\3.0.3\maven-plugin-api-3.0.3.jar;C:\Users\namachad\.m2\repository\org\apache\maven\maven-model\3.0.3\maven-model-3.0.3.jar;C:\Users\namachad\.m2\repository\org\sonatype\sisu\sisu-inject-plexus\2.1.1\sisu-inject-plexus-2.1.1.jar;C:\Users\namachad\.m2\repository\org\sonatype\sisu\sisu-inject-bean\2.1.1\sisu-inject-bean-2.1.1.jar;C:\Users\namachad\.m2\repository\org\sonatype\sisu\sisu-guice\2.9.4\sisu-guice-2.9.4-no_aop.jar;C:\Users\namachad\.m2\repository\org\apache\maven\maven-core\3.0.3\maven-core-3.0.3.jar;C:\Users\namachad\.m2\repository\org\apache\maven\maven-settings\3.0.3\maven-settings-3.0.3.jar;C:\Users\namachad\.m2\repository\org\apache\maven\maven-settings-builder\3.0.3\maven-settings-builder-3.0.3.jar;C:\Users\namachad\.m2\repository\org\apache\maven\maven-repository-metadata\3.0.3\maven-repository-metadata-3.0.3.jar;C:\Users\namachad\.m2\repository\org\apache\maven\maven-model-builder\3.0.3\maven-model-builder-3.0.3.jar;C:\Users\namachad\.m2\repository\org\apache\maven\maven-aether-provider\3.0.3\maven-aether-provider-3.0.3.jar;C:\Users\namachad\.m2\repository\org\sonatype\aether\aether-spi\1.11\aether-spi-1.11.jar;C:\Users\namachad\.m2\repository\org\sonatype\aether\aether-impl\1.11\aether-impl-1.11.jar;C:\Users\namachad\.m2\repository\org\sonatype\aether\aether-api\1.11\aether-api-1.11.jar;C:\Users\namachad\.m2\repository\org\sonatype\aether\aether-util\1.11\aether-util-1.11.jar;C:\Users\namachad\.m2\repository\org\codehaus\plexus\plexus-interpolation\1.14\plexus-interpolation-1.14.jar;C:\Users\namachad\.m2\repository\org\codehaus\plexus\plexus-utils\2.0.6\plexus-utils-2.0.6.jar;C:\Users\namachad\.m2\repository\org\codehaus\plexus\plexus-classworlds\2.4\plexus-classworlds-2.4.jar;C:\Users\namachad\.m2\repository\org\codehaus\plexus\plexus-component-annotations\1.5.5\plexus-component-annotations-1.5.5.jar;C:\Users\namachad\.m2\repository\org\sonatype\plexus\plexus-sec-dispatcher\1.3\plexus-sec-dispatcher-1.3.jar;C:\Users\namachad\.m2\repository\org\sonatype\plexus\plexus-cipher\1.4\plexus-cipher-1.4.jar;C:\Users\namachad\.m2\repository\org\apache\maven\maven-artifact\3.0.3\maven-artifact-3.0.3.jar;C:\Users\namachad\.m2\repository\org\apache\logging\log4j\log4j-api\2.20.0\log4j-api-2.20.0.jar;C:\Users\namachad\.m2\repository\org\apache\logging\log4j\log4j-core\2.20.0\log4j-core-2.20.0.jar;"/>
    <property name="java.vm.vendor" value="Oracle Corporation"/>
    <property name="sun.arch.data.model" value="64"/>
    <property name="user.variant" value=""/>
    <property name="java.vendor.url" value="http://java.oracle.com/"/>
    <property name="user.timezone" value="America/Sao_Paulo"/>
    <property name="java.vm.specification.version" value="11"/>
    <property name="os.name" value="Windows 10"/>
    <property name="sun.java.launcher" value="SUN_STANDARD"/>
    <property name="user.country" value="BR"/>
    <property name="sun.boot.library.path" value="C:\java\jdk-11.0.2\bin"/>
    <property name="sun.java.command" value="C:\Users\namachad\AppData\Local\Temp\surefire5270115413764503094\surefirebooter-20241031011644625_3.jar C:\Users\namachad\AppData\Local\Temp\surefire5270115413764503094 2024-10-31T01-16-44_476-jvmRun1 surefire-20241031011644625_1tmp surefire_0-20241031011644625_2tmp"/>
    <property name="jdk.debug" value="release"/>
    <property name="surefire.test.class.path" value="C:\workspace\qa-test\target\test-classes;C:\workspace\qa-test\target\classes;C:\Users\namachad\.m2\repository\junit\junit\4.13.2\junit-4.13.2.jar;C:\Users\namachad\.m2\repository\org\hamcrest\hamcrest-core\1.3\hamcrest-core-1.3.jar;C:\Users\namachad\.m2\repository\org\json\json\20220924\json-20220924.jar;C:\Users\namachad\.m2\repository\io\cucumber\cucumber-java\7.11.0\cucumber-java-7.11.0.jar;C:\Users\namachad\.m2\repository\io\cucumber\cucumber-core\7.11.0\cucumber-core-7.11.0.jar;C:\Users\namachad\.m2\repository\io\cucumber\cucumber-gherkin\7.11.0\cucumber-gherkin-7.11.0.jar;C:\Users\namachad\.m2\repository\io\cucumber\cucumber-gherkin-messages\7.11.0\cucumber-gherkin-messages-7.11.0.jar;C:\Users\namachad\.m2\repository\io\cucumber\gherkin\26.0.3\gherkin-26.0.3.jar;C:\Users\namachad\.m2\repository\io\cucumber\messages\21.0.1\messages-21.0.1.jar;C:\Users\namachad\.m2\repository\io\cucumber\tag-expressions\5.0.1\tag-expressions-5.0.1.jar;C:\Users\namachad\.m2\repository\io\cucumber\cucumber-expressions\16.1.1\cucumber-expressions-16.1.1.jar;C:\Users\namachad\.m2\repository\io\cucumber\datatable\7.11.0\datatable-7.11.0.jar;C:\Users\namachad\.m2\repository\io\cucumber\cucumber-plugin\7.11.0\cucumber-plugin-7.11.0.jar;C:\Users\namachad\.m2\repository\io\cucumber\docstring\7.11.0\docstring-7.11.0.jar;C:\Users\namachad\.m2\repository\io\cucumber\html-formatter\20.2.1\html-formatter-20.2.1.jar;C:\Users\namachad\.m2\repository\io\cucumber\junit-xml-formatter\0.1.0\junit-xml-formatter-0.1.0.jar;C:\Users\namachad\.m2\repository\io\cucumber\ci-environment\9.1.0\ci-environment-9.1.0.jar;C:\Users\namachad\.m2\repository\org\apiguardian\apiguardian-api\1.1.2\apiguardian-api-1.1.2.jar;C:\Users\namachad\.m2\repository\com\microfocus\adm\almoctane\bdd\octane-cucumber-jvm\1.0.0\octane-cucumber-jvm-1.0.0.jar;C:\Users\namachad\.m2\repository\org\seleniumhq\selenium\selenium-java\4.7.2\selenium-java-4.7.2.jar;C:\Users\namachad\.m2\repository\org\seleniumhq\selenium\selenium-api\4.7.2\selenium-api-4.7.2.jar;C:\Users\namachad\.m2\repository\org\seleniumhq\selenium\selenium-chrome-driver\4.7.2\selenium-chrome-driver-4.7.2.jar;C:\Users\namachad\.m2\repository\com\google\auto\service\auto-service-annotations\1.0.1\auto-service-annotations-1.0.1.jar;C:\Users\namachad\.m2\repository\com\google\auto\service\auto-service\1.0.1\auto-service-1.0.1.jar;C:\Users\namachad\.m2\repository\com\google\auto\auto-common\1.2\auto-common-1.2.jar;C:\Users\namachad\.m2\repository\com\google\guava\guava\31.1-jre\guava-31.1-jre.jar;C:\Users\namachad\.m2\repository\com\google\guava\failureaccess\1.0.1\failureaccess-1.0.1.jar;C:\Users\namachad\.m2\repository\com\google\guava\listenablefuture\9999.0-empty-to-avoid-conflict-with-guava\listenablefuture-9999.0-empty-to-avoid-conflict-with-guava.jar;C:\Users\namachad\.m2\repository\com\google\code\findbugs\jsr305\3.0.2\jsr305-3.0.2.jar;C:\Users\namachad\.m2\repository\org\checkerframework\checker-qual\3.12.0\checker-qual-3.12.0.jar;C:\Users\namachad\.m2\repository\com\google\errorprone\error_prone_annotations\2.11.0\error_prone_annotations-2.11.0.jar;C:\Users\namachad\.m2\repository\com\google\j2objc\j2objc-annotations\1.3\j2objc-annotations-1.3.jar;C:\Users\namachad\.m2\repository\org\seleniumhq\selenium\selenium-chromium-driver\4.7.2\selenium-chromium-driver-4.7.2.jar;C:\Users\namachad\.m2\repository\org\seleniumhq\selenium\selenium-json\4.7.2\selenium-json-4.7.2.jar;C:\Users\namachad\.m2\repository\org\seleniumhq\selenium\selenium-devtools-v106\4.7.2\selenium-devtools-v106-4.7.2.jar;C:\Users\namachad\.m2\repository\org\seleniumhq\selenium\selenium-devtools-v107\4.7.2\selenium-devtools-v107-4.7.2.jar;C:\Users\namachad\.m2\repository\org\seleniumhq\selenium\selenium-devtools-v108\4.7.2\selenium-devtools-v108-4.7.2.jar;C:\Users\namachad\.m2\repository\org\seleniumhq\selenium\selenium-devtools-v85\4.7.2\selenium-devtools-v85-4.7.2.jar;C:\Users\namachad\.m2\repository\org\seleniumhq\selenium\selenium-edge-driver\4.7.2\selenium-edge-driver-4.7.2.jar;C:\Users\namachad\.m2\repository\org\seleniumhq\selenium\selenium-firefox-driver\4.7.2\selenium-firefox-driver-4.7.2.jar;C:\Users\namachad\.m2\repository\org\seleniumhq\selenium\selenium-http\4.7.2\selenium-http-4.7.2.jar;C:\Users\namachad\.m2\repository\dev\failsafe\failsafe\3.3.0\failsafe-3.3.0.jar;C:\Users\namachad\.m2\repository\org\seleniumhq\selenium\selenium-ie-driver\4.7.2\selenium-ie-driver-4.7.2.jar;C:\Users\namachad\.m2\repository\org\seleniumhq\selenium\selenium-remote-driver\4.7.2\selenium-remote-driver-4.7.2.jar;C:\Users\namachad\.m2\repository\com\beust\jcommander\1.82\jcommander-1.82.jar;C:\Users\namachad\.m2\repository\io\netty\netty-buffer\4.1.84.Final\netty-buffer-4.1.84.Final.jar;C:\Users\namachad\.m2\repository\io\netty\netty-codec-http\4.1.84.Final\netty-codec-http-4.1.84.Final.jar;C:\Users\namachad\.m2\repository\io\netty\netty-codec\4.1.84.Final\netty-codec-4.1.84.Final.jar;C:\Users\namachad\.m2\repository\io\netty\netty-handler\4.1.84.Final\netty-handler-4.1.84.Final.jar;C:\Users\namachad\.m2\repository\io\netty\netty-common\4.1.84.Final\netty-common-4.1.84.Final.jar;C:\Users\namachad\.m2\repository\io\netty\netty-transport-classes-epoll\4.1.84.Final\netty-transport-classes-epoll-4.1.84.Final.jar;C:\Users\namachad\.m2\repository\io\netty\netty-transport-classes-kqueue\4.1.84.Final\netty-transport-classes-kqueue-4.1.84.Final.jar;C:\Users\namachad\.m2\repository\io\netty\netty-transport-native-epoll\4.1.84.Final\netty-transport-native-epoll-4.1.84.Final.jar;C:\Users\namachad\.m2\repository\io\netty\netty-transport-native-kqueue\4.1.84.Final\netty-transport-native-kqueue-4.1.84.Final.jar;C:\Users\namachad\.m2\repository\io\netty\netty-transport-native-unix-common\4.1.84.Final\netty-transport-native-unix-common-4.1.84.Final.jar;C:\Users\namachad\.m2\repository\io\netty\netty-transport\4.1.84.Final\netty-transport-4.1.84.Final.jar;C:\Users\namachad\.m2\repository\io\netty\netty-resolver\4.1.84.Final\netty-resolver-4.1.84.Final.jar;C:\Users\namachad\.m2\repository\io\opentelemetry\opentelemetry-api\1.19.0\opentelemetry-api-1.19.0.jar;C:\Users\namachad\.m2\repository\io\opentelemetry\opentelemetry-context\1.19.0\opentelemetry-context-1.19.0.jar;C:\Users\namachad\.m2\repository\io\opentelemetry\opentelemetry-exporter-logging\1.19.0\opentelemetry-exporter-logging-1.19.0.jar;C:\Users\namachad\.m2\repository\io\opentelemetry\opentelemetry-sdk-metrics\1.19.0\opentelemetry-sdk-metrics-1.19.0.jar;C:\Users\namachad\.m2\repository\io\opentelemetry\opentelemetry-sdk-logs\1.19.0-alpha\opentelemetry-sdk-logs-1.19.0-alpha.jar;C:\Users\namachad\.m2\repository\io\opentelemetry\opentelemetry-api-logs\1.19.0-alpha\opentelemetry-api-logs-1.19.0-alpha.jar;C:\Users\namachad\.m2\repository\io\opentelemetry\opentelemetry-sdk-common\1.19.0\opentelemetry-sdk-common-1.19.0.jar;C:\Users\namachad\.m2\repository\io\opentelemetry\opentelemetry-sdk-extension-autoconfigure-spi\1.19.0\opentelemetry-sdk-extension-autoconfigure-spi-1.19.0.jar;C:\Users\namachad\.m2\repository\io\opentelemetry\opentelemetry-sdk-extension-autoconfigure\1.19.0-alpha\opentelemetry-sdk-extension-autoconfigure-1.19.0-alpha.jar;C:\Users\namachad\.m2\repository\io\opentelemetry\opentelemetry-exporter-common\1.19.0\opentelemetry-exporter-common-1.19.0.jar;C:\Users\namachad\.m2\repository\io\opentelemetry\opentelemetry-sdk-trace\1.19.0\opentelemetry-sdk-trace-1.19.0.jar;C:\Users\namachad\.m2\repository\io\opentelemetry\opentelemetry-sdk\1.19.0\opentelemetry-sdk-1.19.0.jar;C:\Users\namachad\.m2\repository\io\opentelemetry\opentelemetry-semconv\1.19.0-alpha\opentelemetry-semconv-1.19.0-alpha.jar;C:\Users\namachad\.m2\repository\io\ous\jtoml\2.0.0\jtoml-2.0.0.jar;C:\Users\namachad\.m2\repository\net\bytebuddy\byte-buddy\1.12.18\byte-buddy-1.12.18.jar;C:\Users\namachad\.m2\repository\org\apache\commons\commons-exec\1.3\commons-exec-1.3.jar;C:\Users\namachad\.m2\repository\org\asynchttpclient\async-http-client\2.12.3\async-http-client-2.12.3.jar;C:\Users\namachad\.m2\repository\org\asynchttpclient\async-http-client-netty-utils\2.12.3\async-http-client-netty-utils-2.12.3.jar;C:\Users\namachad\.m2\repository\io\netty\netty-codec-socks\4.1.60.Final\netty-codec-socks-4.1.60.Final.jar;C:\Users\namachad\.m2\repository\io\netty\netty-handler-proxy\4.1.60.Final\netty-handler-proxy-4.1.60.Final.jar;C:\Users\namachad\.m2\repository\io\netty\netty-transport-native-epoll\4.1.60.Final\netty-transport-native-epoll-4.1.60.Final-linux-x86_64.jar;C:\Users\namachad\.m2\repository\io\netty\netty-transport-native-kqueue\4.1.60.Final\netty-transport-native-kqueue-4.1.60.Final-osx-x86_64.jar;C:\Users\namachad\.m2\repository\org\reactivestreams\reactive-streams\1.0.3\reactive-streams-1.0.3.jar;C:\Users\namachad\.m2\repository\com\typesafe\netty\netty-reactive-streams\2.0.4\netty-reactive-streams-2.0.4.jar;C:\Users\namachad\.m2\repository\org\slf4j\slf4j-api\1.7.30\slf4j-api-1.7.30.jar;C:\Users\namachad\.m2\repository\com\sun\activation\jakarta.activation\1.2.2\jakarta.activation-1.2.2.jar;C:\Users\namachad\.m2\repository\org\seleniumhq\selenium\selenium-manager\4.7.2\selenium-manager-4.7.2.jar;C:\Users\namachad\.m2\repository\org\seleniumhq\selenium\selenium-safari-driver\4.7.2\selenium-safari-driver-4.7.2.jar;C:\Users\namachad\.m2\repository\org\seleniumhq\selenium\selenium-support\4.7.2\selenium-support-4.7.2.jar;C:\Users\namachad\.m2\repository\io\cucumber\cucumber-junit\7.11.0\cucumber-junit-7.11.0.jar;C:\Users\namachad\.m2\repository\org\apache\commons\commons-lang3\3.10\commons-lang3-3.10.jar;C:\Users\namachad\.m2\repository\commons-logging\commons-logging\1.2\commons-logging-1.2.jar;C:\Users\namachad\.m2\repository\joda-time\joda-time\2.2\joda-time-2.2.jar;C:\Users\namachad\.m2\repository\com\github\mifmif\generex\1.0.2\generex-1.0.2.jar;C:\Users\namachad\.m2\repository\dk\brics\automaton\automaton\1.11-8\automaton-1.11-8.jar;C:\Users\namachad\.m2\repository\io\rest-assured\rest-assured\4.3.2\rest-assured-4.3.2.jar;C:\Users\namachad\.m2\repository\org\codehaus\groovy\groovy\3.0.6\groovy-3.0.6.jar;C:\Users\namachad\.m2\repository\org\codehaus\groovy\groovy-xml\3.0.6\groovy-xml-3.0.6.jar;C:\Users\namachad\.m2\repository\org\apache\httpcomponents\httpclient\4.5.3\httpclient-4.5.3.jar;C:\Users\namachad\.m2\repository\org\apache\httpcomponents\httpcore\4.4.6\httpcore-4.4.6.jar;C:\Users\namachad\.m2\repository\org\apache\httpcomponents\httpmime\4.5.3\httpmime-4.5.3.jar;C:\Users\namachad\.m2\repository\org\hamcrest\hamcrest\2.1\hamcrest-2.1.jar;C:\Users\namachad\.m2\repository\org\ccil\cowan\tagsoup\tagsoup\1.2.1\tagsoup-1.2.1.jar;C:\Users\namachad\.m2\repository\io\rest-assured\json-path\4.3.2\json-path-4.3.2.jar;C:\Users\namachad\.m2\repository\org\codehaus\groovy\groovy-json\3.0.6\groovy-json-3.0.6.jar;C:\Users\namachad\.m2\repository\io\rest-assured\rest-assured-common\4.3.2\rest-assured-common-4.3.2.jar;C:\Users\namachad\.m2\repository\io\rest-assured\xml-path\4.3.2\xml-path-4.3.2.jar;C:\Users\namachad\.m2\repository\jakarta\xml\bind\jakarta.xml.bind-api\2.3.3\jakarta.xml.bind-api-2.3.3.jar;C:\Users\namachad\.m2\repository\jakarta\activation\jakarta.activation-api\1.2.2\jakarta.activation-api-1.2.2.jar;C:\Users\namachad\.m2\repository\com\sun\xml\bind\jaxb-impl\2.3.3\jaxb-impl-2.3.3.jar;C:\Users\namachad\.m2\repository\io\jsonwebtoken\jjwt\0.9.1\jjwt-0.9.1.jar;C:\Users\namachad\.m2\repository\com\fasterxml\jackson\core\jackson-databind\2.9.6\jackson-databind-2.9.6.jar;C:\Users\namachad\.m2\repository\com\fasterxml\jackson\core\jackson-annotations\2.9.0\jackson-annotations-2.9.0.jar;C:\Users\namachad\.m2\repository\com\fasterxml\jackson\core\jackson-core\2.9.6\jackson-core-2.9.6.jar;C:\Users\namachad\.m2\repository\org\yaml\snakeyaml\1.29\snakeyaml-1.29.jar;C:\Users\namachad\.m2\repository\org\apache\poi\poi\5.2.3\poi-5.2.3.jar;C:\Users\namachad\.m2\repository\commons-codec\commons-codec\1.15\commons-codec-1.15.jar;C:\Users\namachad\.m2\repository\org\apache\commons\commons-collections4\4.4\commons-collections4-4.4.jar;C:\Users\namachad\.m2\repository\org\apache\commons\commons-math3\3.6.1\commons-math3-3.6.1.jar;C:\Users\namachad\.m2\repository\commons-io\commons-io\2.11.0\commons-io-2.11.0.jar;C:\Users\namachad\.m2\repository\com\zaxxer\SparseBitSet\1.2\SparseBitSet-1.2.jar;C:\Users\namachad\.m2\repository\org\apache\poi\poi-ooxml\5.2.3\poi-ooxml-5.2.3.jar;C:\Users\namachad\.m2\repository\org\apache\poi\poi-ooxml-lite\5.2.3\poi-ooxml-lite-5.2.3.jar;C:\Users\namachad\.m2\repository\org\apache\xmlbeans\xmlbeans\5.1.1\xmlbeans-5.1.1.jar;C:\Users\namachad\.m2\repository\org\apache\commons\commons-compress\1.21\commons-compress-1.21.jar;C:\Users\namachad\.m2\repository\com\github\virtuald\curvesapi\1.07\curvesapi-1.07.jar;C:\Users\namachad\.m2\repository\org\apache\pdfbox\pdfbox\2.0.26\pdfbox-2.0.26.jar;C:\Users\namachad\.m2\repository\org\apache\pdfbox\fontbox\2.0.26\fontbox-2.0.26.jar;C:\Users\namachad\.m2\repository\org\jruby\maven\cucumber-maven-plugin\3.0.3\cucumber-maven-plugin-3.0.3.jar;C:\Users\namachad\.m2\repository\org\jruby\maven\test-base-plugin\3.0.3\test-base-plugin-3.0.3.jar;C:\Users\namachad\.m2\repository\org\jruby\maven\gem-maven-plugin\3.0.3\gem-maven-plugin-3.0.3.jar;C:\Users\namachad\.m2\repository\org\jruby\maven\jruby-maven-plugin\3.0.3\jruby-maven-plugin-3.0.3.jar;C:\Users\namachad\.m2\repository\org\jruby\maven\ruby-tools\3.0.3\ruby-tools-3.0.3.jar;C:\Users\namachad\.m2\repository\org\apache\ant\ant\1.10.11\ant-1.10.11.jar;C:\Users\namachad\.m2\repository\org\apache\ant\ant-launcher\1.10.11\ant-launcher-1.10.11.jar;C:\Users\namachad\.m2\repository\org\codehaus\plexus\plexus-archiver\4.8.0\plexus-archiver-4.8.0.jar;C:\Users\namachad\.m2\repository\javax\inject\javax.inject\1\javax.inject-1.jar;C:\Users\namachad\.m2\repository\org\codehaus\plexus\plexus-io\3.4.1\plexus-io-3.4.1.jar;C:\Users\namachad\.m2\repository\org\iq80\snappy\snappy\0.4\snappy-0.4.jar;C:\Users\namachad\.m2\repository\org\tukaani\xz\1.9\xz-1.9.jar;C:\Users\namachad\.m2\repository\com\github\luben\zstd-jni\1.5.5-5\zstd-jni-1.5.5-5.jar;C:\Users\namachad\.m2\repository\org\sonatype\plexus\plexus-build-api\0.0.7\plexus-build-api-0.0.7.jar;C:\Users\namachad\.m2\repository\org\apache\maven\maven-plugin-api\3.0.3\maven-plugin-api-3.0.3.jar;C:\Users\namachad\.m2\repository\org\apache\maven\maven-model\3.0.3\maven-model-3.0.3.jar;C:\Users\namachad\.m2\repository\org\sonatype\sisu\sisu-inject-plexus\2.1.1\sisu-inject-plexus-2.1.1.jar;C:\Users\namachad\.m2\repository\org\sonatype\sisu\sisu-inject-bean\2.1.1\sisu-inject-bean-2.1.1.jar;C:\Users\namachad\.m2\repository\org\sonatype\sisu\sisu-guice\2.9.4\sisu-guice-2.9.4-no_aop.jar;C:\Users\namachad\.m2\repository\org\apache\maven\maven-core\3.0.3\maven-core-3.0.3.jar;C:\Users\namachad\.m2\repository\org\apache\maven\maven-settings\3.0.3\maven-settings-3.0.3.jar;C:\Users\namachad\.m2\repository\org\apache\maven\maven-settings-builder\3.0.3\maven-settings-builder-3.0.3.jar;C:\Users\namachad\.m2\repository\org\apache\maven\maven-repository-metadata\3.0.3\maven-repository-metadata-3.0.3.jar;C:\Users\namachad\.m2\repository\org\apache\maven\maven-model-builder\3.0.3\maven-model-builder-3.0.3.jar;C:\Users\namachad\.m2\repository\org\apache\maven\maven-aether-provider\3.0.3\maven-aether-provider-3.0.3.jar;C:\Users\namachad\.m2\repository\org\sonatype\aether\aether-spi\1.11\aether-spi-1.11.jar;C:\Users\namachad\.m2\repository\org\sonatype\aether\aether-impl\1.11\aether-impl-1.11.jar;C:\Users\namachad\.m2\repository\org\sonatype\aether\aether-api\1.11\aether-api-1.11.jar;C:\Users\namachad\.m2\repository\org\sonatype\aether\aether-util\1.11\aether-util-1.11.jar;C:\Users\namachad\.m2\repository\org\codehaus\plexus\plexus-interpolation\1.14\plexus-interpolation-1.14.jar;C:\Users\namachad\.m2\repository\org\codehaus\plexus\plexus-utils\2.0.6\plexus-utils-2.0.6.jar;C:\Users\namachad\.m2\repository\org\codehaus\plexus\plexus-classworlds\2.4\plexus-classworlds-2.4.jar;C:\Users\namachad\.m2\repository\org\codehaus\plexus\plexus-component-annotations\1.5.5\plexus-component-annotations-1.5.5.jar;C:\Users\namachad\.m2\repository\org\sonatype\plexus\plexus-sec-dispatcher\1.3\plexus-sec-dispatcher-1.3.jar;C:\Users\namachad\.m2\repository\org\sonatype\plexus\plexus-cipher\1.4\plexus-cipher-1.4.jar;C:\Users\namachad\.m2\repository\org\apache\maven\maven-artifact\3.0.3\maven-artifact-3.0.3.jar;C:\Users\namachad\.m2\repository\org\apache\logging\log4j\log4j-api\2.20.0\log4j-api-2.20.0.jar;C:\Users\namachad\.m2\repository\org\apache\logging\log4j\log4j-core\2.20.0\log4j-core-2.20.0.jar;"/>
    <property name="sun.cpu.endian" value="little"/>
    <property name="user.home" value="C:\Users\namachad"/>
    <property name="user.language" value="pt"/>
    <property name="java.specification.vendor" value="Oracle Corporation"/>
    <property name="java.version.date" value="2019-01-15"/>
    <property name="java.home" value="C:\java\jdk-11.0.2"/>
    <property name="file.separator" value="\"/>
    <property name="basedir" value="C:\workspace\qa-test"/>
    <property name="java.vm.compressedOopsMode" value="Zero based"/>
    <property name="line.separator" value="&#10;"/>
    <property name="java.specification.name" value="Java Platform API Specification"/>
    <property name="java.vm.specification.vendor" value="Oracle Corporation"/>
    <property name="java.awt.graphicsenv" value="sun.awt.Win32GraphicsEnvironment"/>
    <property name="surefire.real.class.path" value="C:\Users\namachad\AppData\Local\Temp\surefire5270115413764503094\surefirebooter-20241031011644625_3.jar"/>
    <property name="user.script" value=""/>
    <property name="sun.management.compiler" value="HotSpot 64-Bit Tiered Compilers"/>
    <property name="java.runtime.version" value="11.0.2+9"/>
    <property name="user.name" value="namachad"/>
    <property name="path.separator" value=";"/>
    <property name="os.version" value="10.0"/>
    <property name="java.runtime.name" value="OpenJDK Runtime Environment"/>
    <property name="file.encoding" value="Cp1252"/>
    <property name="java.vm.name" value="OpenJDK 64-Bit Server VM"/>
    <property name="cucumber.publish.enabled" value="true"/>
    <property name="java.vendor.version" value="18.9"/>
    <property name="localRepository" value="C:\Users\namachad\.m2\repository"/>
    <property name="java.vendor.url.bug" value="http://bugreport.java.com/bugreport/"/>
    <property name="java.io.tmpdir" value="C:\Users\namachad\AppData\Local\Temp\"/>
    <property name="java.version" value="11.0.2"/>
    <property name="user.dir" value="C:\workspace\qa-test"/>
    <property name="os.arch" value="amd64"/>
    <property name="java.vm.specification.name" value="Java Virtual Machine Specification"/>
    <property name="java.awt.printerjob" value="sun.awt.windows.WPrinterJob"/>
    <property name="sun.os.patch.level" value=""/>
    <property name="java.library.path" value="C:\java\jdk-11.0.2\bin;C:\Windows\Sun\Java\bin;C:\Windows\system32;C:\Windows;C:\Windows\system32;C:\Windows;C:\Windows\System32\Wbem;C:\Windows\System32\WindowsPowerShell\v1.0\;C:\Windows\System32\OpenSSH\;C:\desenv\maven\apache-maven-3.6.3-bin\apache-maven-3.6.3\bin;C:\java\jdk-11.0.2\bin;C:\Program Files\Git\cmd;C:\Program Files\dotnet\;C:\Users\namachad\AppData\Local\Microsoft\WindowsApps;C:\Users\namachad\AppData\Local\Programs\Microsoft VS Code\bin;."/>
    <property name="java.vendor" value="Oracle Corporation"/>
    <property name="java.vm.info" value="mixed mode"/>
    <property name="java.vm.version" value="11.0.2+9"/>
    <property name="sun.io.unicode.encoding" value="UnicodeLittle"/>
    <property name="java.class.version" value="55.0"/>
  </properties>
  <testcase name="Finalização de compra com sucesso" classname="Funcionalidade de Checkout" time="14.795">
    <system-out><![CDATA[
@Checkout @CT01
Scenario: FinalizaÃ§Ã£o de compra com sucesso                                         &amp#27;[90m# src/test/resources/features/Checkout.feature:8&amp#27;[0m
  &amp#27;[32mGiven &amp#27;[0m&amp#27;[32macessar sistema saucedemo&amp#27;[0m                                                   &amp#27;[90m# steps.CheckoutSteps.acessarSistema()&amp#27;[0m
  &amp#27;[32mWhen &amp#27;[0m&amp#27;[32madiciono o primeiro item da pÃ¡gina ao carrinho&amp#27;[0m                               &amp#27;[90m# steps.CheckoutSteps.adicionarSauceLabsBackpackAoCarrinho()&amp#27;[0m
  &amp#27;[32mAnd &amp#27;[0m&amp#27;[32macesso o carrinho e clico em checkout&amp#27;[0m                                         &amp#27;[90m# steps.CheckoutSteps.acessarCarrinhoFazerndoCheckout()&amp#27;[0m
  &amp#27;[32mAnd &amp#27;[0m&amp#27;[32mpreencho no formulÃ¡rio de checkout nome, sobrenome, and cep com dados vÃ¡lidos&amp#27;[0m &amp#27;[90m# steps.CheckoutSteps.preencheFormularioCheckoutComDadosValidos()&amp#27;[0m
  &amp#27;[32mAnd &amp#27;[0m&amp#27;[32mclico em Continue&amp#27;[0m                                                             &amp#27;[90m# steps.CheckoutSteps.clicarContinuar()&amp#27;[0m
  &amp#27;[32mAnd &amp#27;[0m&amp#27;[32mclico no botÃ£o em Finish&amp#27;[0m                                                      &amp#27;[90m# steps.CheckoutSteps.clicarFinalizar()&amp#27;[0m
  &amp#27;[32mThen &amp#27;[0m&amp#27;[32mo pedido Ã© finalizado com sucesso e exibe mensagem de confirmaÃ§Ã£o&amp#27;[0m            &amp#27;[90m# steps.CheckoutSteps.pedidoComSucesso()&amp#27;[0m
]]></system-out>
    <system-err><![CDATA[SLF4J: Failed to load class "org.slf4j.impl.StaticLoggerBinder".
SLF4J: Defaulting to no-operation (NOP) logger implementation
SLF4J: See http://www.slf4j.org/codes.html#StaticLoggerBinder for further details.
Starting ChromeDriver 130.0.6723.69 (3ec172b971b9478c515a58f591112c5c23fa4965-refs/branch-heads/6723@{#1452}) on port 14224
Only local connections are allowed.
Please see https://chromedriver.chromium.org/security-considerations for suggestions on keeping ChromeDriver safe.
ChromeDriver was started successfully on port 14224.
out 31, 2024 1:16:50 AM org.openqa.selenium.devtools.CdpVersionFinder findNearestMatch
WARNING: Unable to find CDP implementation matching 130
out 31, 2024 1:16:50 AM org.openqa.selenium.chromium.ChromiumDriver lambda$new$3
WARNING: Unable to find version of CDP to use for . You may need to include a dependency on a specific version of the CDP using something similar to `org.seleniumhq.selenium:selenium-devtools-v86:4.7.2` where the version ("v86") matches the version of the chromium-based browser you're using and the version number of the artifact is the same as Selenium's.
]]></system-err>
  </testcase>
  <testcase name="Criticar campos obrigatórios no checkout" classname="Funcionalidade de Checkout" time="10.309">
    <system-out><![CDATA[
@Checkout @CT02
Scenario: Criticar campos obrigatÃ³rios no checkout                     &amp#27;[90m# src/test/resources/features/Checkout.feature:17&amp#27;[0m
  &amp#27;[32mGiven &amp#27;[0m&amp#27;[32macessar sistema saucedemo&amp#27;[0m                                      &amp#27;[90m# steps.CheckoutSteps.acessarSistema()&amp#27;[0m
  &amp#27;[32mWhen &amp#27;[0m&amp#27;[32madiciono o primeiro item da pÃ¡gina ao carrinho&amp#27;[0m                  &amp#27;[90m# steps.CheckoutSteps.adicionarSauceLabsBackpackAoCarrinho()&amp#27;[0m
  &amp#27;[32mAnd &amp#27;[0m&amp#27;[32macesso o carrinho e clico em checkout&amp#27;[0m                            &amp#27;[90m# steps.CheckoutSteps.acessarCarrinhoFazerndoCheckout()&amp#27;[0m
  &amp#27;[32mAnd &amp#27;[0m&amp#27;[32mEu deixo os campos First Name, Last Name e Postal Code em branco&amp#27;[0m &amp#27;[90m# steps.CheckoutSteps.deixaFormularioCheckoutEmBranco()&amp#27;[0m
  &amp#27;[32mAnd &amp#27;[0m&amp#27;[32mclico em Continue&amp#27;[0m                                                &amp#27;[90m# steps.CheckoutSteps.clicarContinuar()&amp#27;[0m
  &amp#27;[32mThen &amp#27;[0m&amp#27;[32mapresenta a mensagem de erro Error First Name is required&amp#27;[0m       &amp#27;[90m# steps.CheckoutSteps.mensagemErroCamposObrigatorios()&amp#27;[0m
]]></system-out>
    <system-err><![CDATA[Starting ChromeDriver 130.0.6723.69 (3ec172b971b9478c515a58f591112c5c23fa4965-refs/branch-heads/6723@{#1452}) on port 45690
Only local connections are allowed.
Please see https://chromedriver.chromium.org/security-considerations for suggestions on keeping ChromeDriver safe.
ChromeDriver was started successfully on port 45690.
out 31, 2024 1:17:03 AM org.openqa.selenium.devtools.CdpVersionFinder findNearestMatch
WARNING: Unable to find CDP implementation matching 130
out 31, 2024 1:17:03 AM org.openqa.selenium.chromium.ChromiumDriver lambda$new$3
WARNING: Unable to find version of CDP to use for . You may need to include a dependency on a specific version of the CDP using something similar to `org.seleniumhq.selenium:selenium-devtools-v86:4.7.2` where the version ("v86") matches the version of the chromium-based browser you're using and the version number of the artifact is the same as Selenium's.
]]></system-err>
  </testcase>
  <testcase name="Removendo item do carrinho" classname="Funcionalidade de Checkout" time="10.136">
    <system-out><![CDATA[
@Checkout @CT03
Scenario: Removendo item do carrinho                                &amp#27;[90m# src/test/resources/features/Checkout.feature:25&amp#27;[0m
  &amp#27;[32mGiven &amp#27;[0m&amp#27;[32macessar sistema saucedemo&amp#27;[0m                                   &amp#27;[90m# steps.CheckoutSteps.acessarSistema()&amp#27;[0m
  &amp#27;[32mWhen &amp#27;[0m&amp#27;[32madiciono o primeiro item da pÃ¡gina ao carrinho&amp#27;[0m               &amp#27;[90m# steps.CheckoutSteps.adicionarSauceLabsBackpackAoCarrinho()&amp#27;[0m
  &amp#27;[32mAnd &amp#27;[0m&amp#27;[32macesso o carrinho e clico em checkout&amp#27;[0m                         &amp#27;[90m# steps.CheckoutSteps.acessarCarrinhoFazerndoCheckout()&amp#27;[0m
  &amp#27;[32mAnd &amp#27;[0m&amp#27;[32mclico em cancelar e retorno a tela anterior antes de encerrar&amp#27;[0m &amp#27;[90m# steps.CheckoutSteps.clicarCancelarAntesDeEncerrar()&amp#27;[0m
  &amp#27;[32mWhen &amp#27;[0m&amp#27;[32meu removo o item&amp#27;[0m                                             &amp#27;[90m# steps.CheckoutSteps.reomveItem()&amp#27;[0m
  &amp#27;[32mThen &amp#27;[0m&amp#27;[32mo carrinho tem sua quantidade atualizada&amp#27;[0m                     &amp#27;[90m# steps.CheckoutSteps.validaCarrinhoVazio()&amp#27;[0m
]]></system-out>
    <system-err><![CDATA[Starting ChromeDriver 130.0.6723.69 (3ec172b971b9478c515a58f591112c5c23fa4965-refs/branch-heads/6723@{#1452}) on port 43457
Only local connections are allowed.
Please see https://chromedriver.chromium.org/security-considerations for suggestions on keeping ChromeDriver safe.
ChromeDriver was started successfully on port 43457.
out 31, 2024 1:17:13 AM org.openqa.selenium.devtools.CdpVersionFinder findNearestMatch
WARNING: Unable to find CDP implementation matching 130
out 31, 2024 1:17:13 AM org.openqa.selenium.chromium.ChromiumDriver lambda$new$3
WARNING: Unable to find version of CDP to use for . You may need to include a dependency on a specific version of the CDP using something similar to `org.seleniumhq.selenium:selenium-devtools-v86:4.7.2` where the version ("v86") matches the version of the chromium-based browser you're using and the version number of the artifact is the same as Selenium's.
]]></system-err>
  </testcase>
  <testcase name="Retornar ao carrinho após clicar em checkout" classname="Funcionalidade de Checkout" time="7.515">
    <system-out><![CDATA[
@Checkout @CT04
Scenario: Retornar ao carrinho apÃ³s clicar em checkout &amp#27;[90m# src/test/resources/features/Checkout.feature:33&amp#27;[0m
  &amp#27;[32mGiven &amp#27;[0m&amp#27;[32macessar sistema saucedemo&amp#27;[0m                      &amp#27;[90m# steps.CheckoutSteps.acessarSistema()&amp#27;[0m
  &amp#27;[32mWhen &amp#27;[0m&amp#27;[32madiciono o primeiro item da pÃ¡gina ao carrinho&amp#27;[0m  &amp#27;[90m# steps.CheckoutSteps.adicionarSauceLabsBackpackAoCarrinho()&amp#27;[0m
  &amp#27;[32mAnd &amp#27;[0m&amp#27;[32macesso o carrinho e clico em checkout&amp#27;[0m            &amp#27;[90m# steps.CheckoutSteps.acessarCarrinhoFazerndoCheckout()&amp#27;[0m
  &amp#27;[32mThen &amp#27;[0m&amp#27;[32mclico em cancelar e retorno a tela anterior&amp#27;[0m     &amp#27;[90m# steps.CheckoutSteps.clicarCancelar()&amp#27;[0m
]]></system-out>
    <system-err><![CDATA[Starting ChromeDriver 130.0.6723.69 (3ec172b971b9478c515a58f591112c5c23fa4965-refs/branch-heads/6723@{#1452}) on port 11984
Only local connections are allowed.
Please see https://chromedriver.chromium.org/security-considerations for suggestions on keeping ChromeDriver safe.
ChromeDriver was started successfully on port 11984.
out 31, 2024 1:17:23 AM org.openqa.selenium.devtools.CdpVersionFinder findNearestMatch
WARNING: Unable to find CDP implementation matching 130
out 31, 2024 1:17:23 AM org.openqa.selenium.chromium.ChromiumDriver lambda$new$3
WARNING: Unable to find version of CDP to use for . You may need to include a dependency on a specific version of the CDP using something similar to `org.seleniumhq.selenium:selenium-devtools-v86:4.7.2` where the version ("v86") matches the version of the chromium-based browser you're using and the version number of the artifact is the same as Selenium's.
]]></system-err>
  </testcase>
  <testcase name="Revisão de pedido antes do checkout" classname="Funcionalidade de Checkout" time="10.276">
    <system-out><![CDATA[
@Checkout @CT05
Scenario: RevisÃ£o de pedido antes do checkout                                       &amp#27;[90m# src/test/resources/features/Checkout.feature:39&amp#27;[0m
  &amp#27;[32mGiven &amp#27;[0m&amp#27;[32macessar sistema saucedemo&amp#27;[0m                                                   &amp#27;[90m# steps.CheckoutSteps.acessarSistema()&amp#27;[0m
  &amp#27;[32mWhen &amp#27;[0m&amp#27;[32madiciono o primeiro item da pÃ¡gina ao carrinho&amp#27;[0m                               &amp#27;[90m# steps.CheckoutSteps.adicionarSauceLabsBackpackAoCarrinho()&amp#27;[0m
  &amp#27;[32mAnd &amp#27;[0m&amp#27;[32macesso o carrinho e clico em checkout&amp#27;[0m                                         &amp#27;[90m# steps.CheckoutSteps.acessarCarrinhoFazerndoCheckout()&amp#27;[0m
  &amp#27;[32mAnd &amp#27;[0m&amp#27;[32mpreencho no formulÃ¡rio de checkout nome, sobrenome, and cep com dados vÃ¡lidos&amp#27;[0m &amp#27;[90m# steps.CheckoutSteps.preencheFormularioCheckoutComDadosValidos()&amp#27;[0m
  &amp#27;[32mAnd &amp#27;[0m&amp#27;[32mclico em Continue&amp#27;[0m                                                             &amp#27;[90m# steps.CheckoutSteps.clicarContinuar()&amp#27;[0m
  &amp#27;[32mThen &amp#27;[0m&amp#27;[32mmostra o resumo das quantidades e valores&amp#27;[0m                                    &amp#27;[90m# steps.CheckoutSteps.validarTelaFinalComResumo()&amp#27;[0m
]]></system-out>
    <system-err><![CDATA[Starting ChromeDriver 130.0.6723.69 (3ec172b971b9478c515a58f591112c5c23fa4965-refs/branch-heads/6723@{#1452}) on port 39114
Only local connections are allowed.
Please see https://chromedriver.chromium.org/security-considerations for suggestions on keeping ChromeDriver safe.
ChromeDriver was started successfully on port 39114.
out 31, 2024 1:17:31 AM org.openqa.selenium.devtools.CdpVersionFinder findNearestMatch
WARNING: Unable to find CDP implementation matching 130
out 31, 2024 1:17:31 AM org.openqa.selenium.chromium.ChromiumDriver lambda$new$3
WARNING: Unable to find version of CDP to use for . You may need to include a dependency on a specific version of the CDP using something similar to `org.seleniumhq.selenium:selenium-devtools-v86:4.7.2` where the version ("v86") matches the version of the chromium-based browser you're using and the version number of the artifact is the same as Selenium's.
]]></system-err>
  </testcase>
</testsuite>